2025-09-07 13:28:52,601 INFO: Webhook registered with https://amount-rewards-findings-advisor.trycloudflare.com WHSEC=REDACTED_STRIPE_WH
2025-09-07 13:29:50,381 INFO: Webhook registered with https://amount-rewards-findings-advisor.trycloudflare.com WHSEC=REDACTED_STRIPE_WH
2025-09-07 13:31:36,832 INFO: Webhook registered with https://amount-rewards-findings-advisor.trycloudflare.com WHSEC=REDACTED_STRIPE_WH
2025-09-08 22:24:49,977 WARNING: storefront not online, restarting
2025-09-08 22:24:50,237 ERROR: restart storefront failed: Command '['pm2', 'restart', 'storefront']' returned non-zero exit status 1.
2025-09-08 22:24:50,604 ERROR: Webhook registration failed: {'error': {'message': 'You have reached the maximum of 16 live webhook endpoints.', 'request_log_url': 'https://dashboard.stripe.com/logs/req_ypHh1yBtEIcOsa?t=1757384690', 'type': 'invalid_request_error'}}
2025-09-08 22:25:20,846 WARNING: storefront not online, restarting
2025-09-08 22:25:21,063 ERROR: restart storefront failed: Command '['pm2', 'restart', 'storefront']' returned non-zero exit status 1.
2025-09-08 22:25:51,240 WARNING: storefront not online, restarting
2025-09-08 22:25:51,441 ERROR: restart storefront failed: Command '['pm2', 'restart', 'storefront']' returned non-zero exit status 1.
2025-09-08 22:26:23,843 WARNING: storefront not online, restarting
2025-09-08 22:26:24,066 ERROR: restart storefront failed: Command '['pm2', 'restart', 'storefront']' returned non-zero exit status 1.
2025-09-08 22:26:56,766 WARNING: storefront not online, restarting
2025-09-08 22:26:56,959 ERROR: restart storefront failed: Command '['pm2', 'restart', 'storefront']' returned non-zero exit status 1.
2025-09-08 22:27:29,355 WARNING: storefront not online, restarting
2025-09-08 22:27:29,535 ERROR: restart storefront failed: Command '['pm2', 'restart', 'storefront']' returned non-zero exit status 1.
2025-09-08 22:28:02,154 WARNING: storefront not online, restarting
2025-09-08 22:28:02,344 ERROR: restart storefront failed: Command '['pm2', 'restart', 'storefront']' returned non-zero exit status 1.
2025-09-08 22:28:34,902 WARNING: storefront not online, restarting
2025-09-08 22:28:35,084 ERROR: restart storefront failed: Command '['pm2', 'restart', 'storefront']' returned non-zero exit status 1.
2025-09-08 22:29:07,656 WARNING: storefront not online, restarting
2025-09-08 22:29:07,846 ERROR: restart storefront failed: Command '['pm2', 'restart', 'storefront']' returned non-zero exit status 1.
2025-09-08 22:29:40,455 WARNING: storefront not online, restarting
2025-09-08 22:29:40,637 ERROR: restart storefront failed: Command '['pm2', 'restart', 'storefront']' returned non-zero exit status 1.
2025-09-08 22:30:13,158 WARNING: storefront not online, restarting
2025-09-08 22:30:13,373 ERROR: restart storefront failed: Command '['pm2', 'restart', 'storefront']' returned non-zero exit status 1.
2025-09-08 22:30:45,961 WARNING: storefront not online, restarting
2025-09-08 22:30:46,146 ERROR: restart storefront failed: Command '['pm2', 'restart', 'storefront']' returned non-zero exit status 1.
2025-09-08 22:31:18,738 WARNING: storefront not online, restarting
2025-09-08 22:31:18,912 ERROR: restart storefront failed: Command '['pm2', 'restart', 'storefront']' returned non-zero exit status 1.
2025-09-08 22:31:49,103 WARNING: storefront not online, restarting
2025-09-08 22:31:49,291 ERROR: restart storefront failed: Command '['pm2', 'restart', 'storefront']' returned non-zero exit status 1.
2025-09-08 22:32:21,958 WARNING: storefront not online, restarting
2025-09-08 22:32:22,121 ERROR: restart storefront failed: Command '['pm2', 'restart', 'storefront']' returned non-zero exit status 1.
2025-09-08 22:33:01,492 WARNING: storefront not online, restarting
2025-09-08 22:33:01,858 ERROR: restart storefront failed: Command '['pm2', 'restart', 'storefront']' returned non-zero exit status 1.
2025-09-08 22:33:02,243 ERROR: Webhook registration failed: {'error': {'message': 'You have reached the maximum of 16 live webhook endpoints.', 'request_log_url': 'https://dashboard.stripe.com/logs/req_uQNkvzmQFaefbx?t=1757385182', 'type': 'invalid_request_error'}}
2025-09-08 22:33:34,846 WARNING: storefront not online, restarting
2025-09-08 22:33:35,069 ERROR: restart storefront failed: Command '['pm2', 'restart', 'storefront']' returned non-zero exit status 1.
2025-09-08 22:34:05,263 WARNING: storefront not online, restarting
2025-09-08 22:34:05,449 ERROR: restart storefront failed: Command '['pm2', 'restart', 'storefront']' returned non-zero exit status 1.
2025-09-08 22:34:37,977 WARNING: storefront not online, restarting
2025-09-08 22:34:38,175 ERROR: restart storefront failed: Command '['pm2', 'restart', 'storefront']' returned non-zero exit status 1.
2025-09-08 22:35:10,670 WARNING: storefront not online, restarting
2025-09-08 22:35:10,870 ERROR: restart storefront failed: Command '['pm2', 'restart', 'storefront']' returned non-zero exit status 1.
2025-09-08 22:35:43,258 WARNING: storefront not online, restarting
2025-09-08 22:35:43,434 ERROR: restart storefront failed: Command '['pm2', 'restart', 'storefront']' returned non-zero exit status 1.
2025-09-08 22:36:15,854 WARNING: storefront not online, restarting
2025-09-08 22:36:16,043 ERROR: restart storefront failed: Command '['pm2', 'restart', 'storefront']' returned non-zero exit status 1.
2025-09-08 22:36:47,709 WARNING: storefront not online, restarting
2025-09-08 22:36:47,881 ERROR: restart storefront failed: Command '['pm2', 'restart', 'storefront']' returned non-zero exit status 1.
2025-09-08 22:37:20,478 WARNING: storefront not online, restarting
2025-09-08 22:37:20,657 ERROR: restart storefront failed: Command '['pm2', 'restart', 'storefront']' returned non-zero exit status 1.
2025-09-08 22:37:52,710 WARNING: storefront not online, restarting
2025-09-08 22:37:52,893 ERROR: restart storefront failed: Command '['pm2', 'restart', 'storefront']' returned non-zero exit status 1.
2025-09-08 22:38:25,447 WARNING: storefront not online, restarting
2025-09-08 22:38:25,636 ERROR: restart storefront failed: Command '['pm2', 'restart', 'storefront']' returned non-zero exit status 1.
2025-09-08 22:38:57,789 WARNING: storefront not online, restarting
2025-09-08 22:38:57,976 ERROR: restart storefront failed: Command '['pm2', 'restart', 'storefront']' returned non-zero exit status 1.
2025-09-08 22:39:30,287 WARNING: storefront not online, restarting
2025-09-08 22:39:30,478 ERROR: restart storefront failed: Command '['pm2', 'restart', 'storefront']' returned non-zero exit status 1.
2025-09-08 22:40:03,072 WARNING: storefront not online, restarting
2025-09-08 22:40:03,252 ERROR: restart storefront failed: Command '['pm2', 'restart', 'storefront']' returned non-zero exit status 1.
2025-09-08 22:40:35,872 WARNING: storefront not online, restarting
2025-09-08 22:40:36,033 ERROR: restart storefront failed: Command '['pm2', 'restart', 'storefront']' returned non-zero exit status 1.
2025-09-08 22:41:08,745 WARNING: storefront not online, restarting
2025-09-08 22:41:08,935 ERROR: restart storefront failed: Command '['pm2', 'restart', 'storefront']' returned non-zero exit status 1.
2025-09-08 22:41:41,559 WARNING: storefront not online, restarting
2025-09-08 22:41:41,747 ERROR: restart storefront failed: Command '['pm2', 'restart', 'storefront']' returned non-zero exit status 1.
2025-09-08 22:42:14,512 WARNING: storefront not online, restarting
2025-09-08 22:42:14,714 ERROR: restart storefront failed: Command '['pm2', 'restart', 'storefront']' returned non-zero exit status 1.
2025-09-08 22:42:47,374 WARNING: storefront not online, restarting
2025-09-08 22:42:47,565 ERROR: restart storefront failed: Command '['pm2', 'restart', 'storefront']' returned non-zero exit status 1.
2025-09-08 22:43:17,752 WARNING: storefront not online, restarting
2025-09-08 22:43:17,933 ERROR: restart storefront failed: Command '['pm2', 'restart', 'storefront']' returned non-zero exit status 1.
2025-09-08 22:43:50,717 WARNING: storefront not online, restarting
2025-09-08 22:43:50,922 ERROR: restart storefront failed: Command '['pm2', 'restart', 'storefront']' returned non-zero exit status 1.
2025-09-08 22:44:23,701 WARNING: storefront not online, restarting
2025-09-08 22:44:23,892 ERROR: restart storefront failed: Command '['pm2', 'restart', 'storefront']' returned non-zero exit status 1.
2025-09-08 22:44:56,625 WARNING: storefront not online, restarting
2025-09-08 22:44:56,813 ERROR: restart storefront failed: Command '['pm2', 'restart', 'storefront']' returned non-zero exit status 1.
2025-09-08 22:45:29,618 WARNING: storefront not online, restarting
2025-09-08 22:45:29,801 ERROR: restart storefront failed: Command '['pm2', 'restart', 'storefront']' returned non-zero exit status 1.
2025-09-08 22:46:02,659 WARNING: storefront not online, restarting
2025-09-08 22:46:02,831 ERROR: restart storefront failed: Command '['pm2', 'restart', 'storefront']' returned non-zero exit status 1.
2025-09-08 22:46:35,681 WARNING: storefront not online, restarting
2025-09-08 22:46:35,863 ERROR: restart storefront failed: Command '['pm2', 'restart', 'storefront']' returned non-zero exit status 1.
2025-09-08 22:47:08,681 WARNING: storefront not online, restarting
2025-09-08 22:47:08,879 ERROR: restart storefront failed: Command '['pm2', 'restart', 'storefront']' returned non-zero exit status 1.
2025-09-08 22:47:41,522 WARNING: storefront not online, restarting
2025-09-08 22:47:41,705 ERROR: restart storefront failed: Command '['pm2', 'restart', 'storefront']' returned non-zero exit status 1.
2025-09-08 22:48:14,098 WARNING: storefront not online, restarting
2025-09-08 22:48:14,263 ERROR: restart storefront failed: Command '['pm2', 'restart', 'storefront']' returned non-zero exit status 1.
2025-09-08 22:48:44,447 WARNING: storefront not online, restarting
2025-09-08 22:48:44,642 ERROR: restart storefront failed: Command '['pm2', 'restart', 'storefront']' returned non-zero exit status 1.
2025-09-08 22:49:14,851 WARNING: storefront not online, restarting
2025-09-08 22:49:15,045 ERROR: restart storefront failed: Command '['pm2', 'restart', 'storefront']' returned non-zero exit status 1.
2025-09-08 22:49:50,854 WARNING: storefront not online, restarting
2025-09-08 22:49:51,030 ERROR: restart storefront failed: Command '['pm2', 'restart', 'storefront']' returned non-zero exit status 1.
2025-09-08 22:50:23,518 WARNING: storefront not online, restarting
2025-09-08 22:50:23,699 ERROR: restart storefront failed: Command '['pm2', 'restart', 'storefront']' returned non-zero exit status 1.
2025-09-08 22:50:56,189 WARNING: storefront not online, restarting
2025-09-08 22:50:56,379 ERROR: restart storefront failed: Command '['pm2', 'restart', 'storefront']' returned non-zero exit status 1.
2025-09-08 22:51:28,872 WARNING: storefront not online, restarting
2025-09-08 22:51:29,054 ERROR: restart storefront failed: Command '['pm2', 'restart', 'storefront']' returned non-zero exit status 1.
2025-09-08 22:52:01,801 WARNING: storefront not online, restarting
2025-09-08 22:52:01,973 ERROR: restart storefront failed: Command '['pm2', 'restart', 'storefront']' returned non-zero exit status 1.
2025-09-08 22:52:34,564 WARNING: storefront not online, restarting
2025-09-08 22:52:34,746 ERROR: restart storefront failed: Command '['pm2', 'restart', 'storefront']' returned non-zero exit status 1.
2025-09-08 22:53:07,298 WARNING: storefront not online, restarting
2025-09-08 22:53:07,487 ERROR: restart storefront failed: Command '['pm2', 'restart', 'storefront']' returned non-zero exit status 1.
2025-09-08 22:53:40,065 WARNING: storefront not online, restarting
2025-09-08 22:53:40,258 ERROR: restart storefront failed: Command '['pm2', 'restart', 'storefront']' returned non-zero exit status 1.
2025-09-08 22:54:12,809 WARNING: storefront not online, restarting
2025-09-08 22:54:13,019 ERROR: restart storefront failed: Command '['pm2', 'restart', 'storefront']' returned non-zero exit status 1.
2025-09-08 22:54:45,018 WARNING: storefront not online, restarting
2025-09-08 22:54:45,202 ERROR: restart storefront failed: Command '['pm2', 'restart', 'storefront']' returned non-zero exit status 1.
2025-09-08 22:55:18,023 WARNING: storefront not online, restarting
2025-09-08 22:55:18,216 ERROR: restart storefront failed: Command '['pm2', 'restart', 'storefront']' returned non-zero exit status 1.
2025-09-08 22:55:50,741 WARNING: storefront not online, restarting
2025-09-08 22:55:50,924 ERROR: restart storefront failed: Command '['pm2', 'restart', 'storefront']' returned non-zero exit status 1.
2025-09-08 22:56:23,540 WARNING: storefront not online, restarting
2025-09-08 22:56:23,736 ERROR: restart storefront failed: Command '['pm2', 'restart', 'storefront']' returned non-zero exit status 1.
2025-09-08 22:56:56,469 WARNING: storefront not online, restarting
2025-09-08 22:56:56,646 ERROR: restart storefront failed: Command '['pm2', 'restart', 'storefront']' returned non-zero exit status 1.
2025-09-08 22:57:26,834 WARNING: storefront not online, restarting
2025-09-08 22:57:27,030 ERROR: restart storefront failed: Command '['pm2', 'restart', 'storefront']' returned non-zero exit status 1.
2025-09-08 22:57:59,530 WARNING: storefront not online, restarting
2025-09-08 22:57:59,722 ERROR: restart storefront failed: Command '['pm2', 'restart', 'storefront']' returned non-zero exit status 1.
2025-09-08 22:58:32,406 WARNING: storefront not online, restarting
2025-09-08 22:58:32,588 ERROR: restart storefront failed: Command '['pm2', 'restart', 'storefront']' returned non-zero exit status 1.
2025-09-08 22:59:02,786 WARNING: storefront not online, restarting
2025-09-08 22:59:02,983 ERROR: restart storefront failed: Command '['pm2', 'restart', 'storefront']' returned non-zero exit status 1.
2025-09-08 22:59:35,068 WARNING: storefront not online, restarting
2025-09-08 22:59:35,274 ERROR: restart storefront failed: Command '['pm2', 'restart', 'storefront']' returned non-zero exit status 1.
2025-09-08 23:00:05,477 WARNING: storefront not online, restarting
2025-09-08 23:00:05,666 ERROR: restart storefront failed: Command '['pm2', 'restart', 'storefront']' returned non-zero exit status 1.
2025-09-08 23:00:35,875 WARNING: storefront not online, restarting
2025-09-08 23:00:36,065 ERROR: restart storefront failed: Command '['pm2', 'restart', 'storefront']' returned non-zero exit status 1.
2025-09-08 23:01:08,129 WARNING: storefront not online, restarting
2025-09-08 23:01:08,325 ERROR: restart storefront failed: Command '['pm2', 'restart', 'storefront']' returned non-zero exit status 1.
2025-09-08 23:01:38,512 WARNING: storefront not online, restarting
2025-09-08 23:01:40,505 ERROR: restart storefront failed: Command '['pm2', 'restart', 'storefront']' returned non-zero exit status 1.
2025-09-08 23:02:10,671 WARNING: storefront not online, restarting
2025-09-08 23:02:10,885 ERROR: restart storefront failed: Command '['pm2', 'restart', 'storefront']' returned non-zero exit status 1.
2025-09-08 23:02:43,055 WARNING: storefront not online, restarting
2025-09-08 23:02:43,219 ERROR: restart storefront failed: Command '['pm2', 'restart', 'storefront']' returned non-zero exit status 1.
2025-09-08 23:03:15,649 WARNING: storefront not online, restarting
2025-09-08 23:03:15,845 ERROR: restart storefront failed: Command '['pm2', 'restart', 'storefront']' returned non-zero exit status 1.
2025-09-08 23:03:47,994 WARNING: storefront not online, restarting
2025-09-08 23:03:48,199 ERROR: restart storefront failed: Command '['pm2', 'restart', 'storefront']' returned non-zero exit status 1.
2025-09-08 23:04:20,603 WARNING: storefront not online, restarting
2025-09-08 23:04:20,786 ERROR: restart storefront failed: Command '['pm2', 'restart', 'storefront']' returned non-zero exit status 1.
2025-09-08 23:04:53,088 WARNING: storefront not online, restarting
2025-09-08 23:04:53,277 ERROR: restart storefront failed: Command '['pm2', 'restart', 'storefront']' returned non-zero exit status 1.
2025-09-08 23:05:25,963 WARNING: storefront not online, restarting
2025-09-08 23:05:26,145 ERROR: restart storefront failed: Command '['pm2', 'restart', 'storefront']' returned non-zero exit status 1.
2025-09-08 23:05:58,615 WARNING: storefront not online, restarting
2025-09-08 23:05:58,799 ERROR: restart storefront failed: Command '['pm2', 'restart', 'storefront']' returned non-zero exit status 1.
2025-09-08 23:06:31,116 WARNING: storefront not online, restarting
2025-09-08 23:06:31,284 ERROR: restart storefront failed: Command '['pm2', 'restart', 'storefront']' returned non-zero exit status 1.
2025-09-08 23:07:03,749 WARNING: storefront not online, restarting
2025-09-08 23:07:03,928 ERROR: restart storefront failed: Command '['pm2', 'restart', 'storefront']' returned non-zero exit status 1.
2025-09-08 23:07:36,451 WARNING: storefront not online, restarting
2025-09-08 23:07:36,633 ERROR: restart storefront failed: Command '['pm2', 'restart', 'storefront']' returned non-zero exit status 1.
2025-09-08 23:08:09,240 WARNING: storefront not online, restarting
2025-09-08 23:08:09,426 ERROR: restart storefront failed: Command '['pm2', 'restart', 'storefront']' returned non-zero exit status 1.
2025-09-08 23:08:42,366 WARNING: storefront not online, restarting
2025-09-08 23:08:42,556 ERROR: restart storefront failed: Command '['pm2', 'restart', 'storefront']' returned non-zero exit status 1.
2025-09-08 23:09:15,393 WARNING: storefront not online, restarting
2025-09-08 23:09:15,640 ERROR: restart storefront failed: Command '['pm2', 'restart', 'storefront']' returned non-zero exit status 1.
2025-09-08 23:09:48,420 WARNING: storefront not online, restarting
2025-09-08 23:09:48,650 ERROR: restart storefront failed: Command '['pm2', 'restart', 'storefront']' returned non-zero exit status 1.
2025-09-08 23:10:21,387 WARNING: storefront not online, restarting
2025-09-08 23:10:21,620 ERROR: restart storefront failed: Command '['pm2', 'restart', 'storefront']' returned non-zero exit status 1.
2025-09-08 23:10:54,431 WARNING: storefront not online, restarting
2025-09-08 23:10:54,697 ERROR: restart storefront failed: Command '['pm2', 'restart', 'storefront']' returned non-zero exit status 1.
2025-09-08 23:11:24,927 WARNING: storefront not online, restarting
2025-09-08 23:11:25,146 ERROR: restart storefront failed: Command '['pm2', 'restart', 'storefront']' returned non-zero exit status 1.
2025-09-08 23:11:57,887 WARNING: storefront not online, restarting
2025-09-08 23:11:58,130 ERROR: restart storefront failed: Command '['pm2', 'restart', 'storefront']' returned non-zero exit status 1.
2025-09-08 23:12:31,034 WARNING: storefront not online, restarting
2025-09-08 23:12:31,368 ERROR: restart storefront failed: Command '['pm2', 'restart', 'storefront']' returned non-zero exit status 1.
2025-09-08 23:13:04,186 WARNING: storefront not online, restarting
2025-09-08 23:13:04,427 ERROR: restart storefront failed: Command '['pm2', 'restart', 'storefront']' returned non-zero exit status 1.
2025-09-08 23:13:37,310 WARNING: storefront not online, restarting
2025-09-08 23:13:37,561 ERROR: restart storefront failed: Command '['pm2', 'restart', 'storefront']' returned non-zero exit status 1.
2025-09-08 23:14:10,384 WARNING: storefront not online, restarting
2025-09-08 23:14:10,636 ERROR: restart storefront failed: Command '['pm2', 'restart', 'storefront']' returned non-zero exit status 1.
2025-09-08 23:14:43,371 WARNING: storefront not online, restarting
2025-09-08 23:14:43,587 ERROR: restart storefront failed: Command '['pm2', 'restart', 'storefront']' returned non-zero exit status 1.
2025-09-08 23:15:16,340 WARNING: storefront not online, restarting
2025-09-08 23:15:16,627 ERROR: restart storefront failed: Command '['pm2', 'restart', 'storefront']' returned non-zero exit status 1.
2025-09-08 23:15:49,245 WARNING: storefront not online, restarting
2025-09-08 23:15:49,485 ERROR: restart storefront failed: Command '['pm2', 'restart', 'storefront']' returned non-zero exit status 1.
2025-09-08 23:16:22,139 WARNING: storefront not online, restarting
2025-09-08 23:16:22,386 ERROR: restart storefront failed: Command '['pm2', 'restart', 'storefront']' returned non-zero exit status 1.
2025-09-08 23:16:55,053 WARNING: storefront not online, restarting
2025-09-08 23:16:55,277 ERROR: restart storefront failed: Command '['pm2', 'restart', 'storefront']' returned non-zero exit status 1.
2025-09-08 23:17:27,900 WARNING: storefront not online, restarting
2025-09-08 23:17:28,174 ERROR: restart storefront failed: Command '['pm2', 'restart', 'storefront']' returned non-zero exit status 1.
2025-09-08 23:18:00,773 WARNING: storefront not online, restarting
2025-09-08 23:18:00,992 ERROR: restart storefront failed: Command '['pm2', 'restart', 'storefront']' returned non-zero exit status 1.
2025-09-08 23:18:33,575 WARNING: storefront not online, restarting
2025-09-08 23:18:33,819 ERROR: restart storefront failed: Command '['pm2', 'restart', 'storefront']' returned non-zero exit status 1.
2025-09-08 23:19:06,395 WARNING: storefront not online, restarting
2025-09-08 23:19:06,641 ERROR: restart storefront failed: Command '['pm2', 'restart', 'storefront']' returned non-zero exit status 1.
2025-09-08 23:19:39,350 WARNING: storefront not online, restarting
2025-09-08 23:19:39,620 ERROR: restart storefront failed: Command '['pm2', 'restart', 'storefront']' returned non-zero exit status 1.
2025-09-08 23:20:12,329 WARNING: storefront not online, restarting
2025-09-08 23:20:12,578 ERROR: restart storefront failed: Command '['pm2', 'restart', 'storefront']' returned non-zero exit status 1.
2025-09-08 23:20:45,231 WARNING: storefront not online, restarting
2025-09-08 23:20:45,472 ERROR: restart storefront failed: Command '['pm2', 'restart', 'storefront']' returned non-zero exit status 1.
